<?xml version="1.0" encoding="UTF-8"?>
<!-- Generated by org.testng.reporters.JUnitReportReporter -->
<testsuite hostname="Lenovo" failures="0" tests="2" name="utility.excelWrite" time="93.323" errors="0" timestamp="2020-12-14T10:46:39 IST" skipped="0">
  <testcase classname="utility.excelWrite" name="writeAllDetails" time="71.846"/>
  <system-out/>
  <testcase classname="utility.excelWrite" name="initializer" time="21.477"/>
  <system-out/>
</testsuite> <!-- utility.excelWrite -->
