<?xml version="1.0" encoding="UTF-8"?>
<!-- Generated by org.testng.reporters.JUnitReportReporter -->
<testsuite hostname="Lenovo" failures="0" tests="1" name="test.acPageTest" time="131.736" errors="0" timestamp="2020-12-16T11:33:45 IST" skipped="0">
  <testcase classname="test.acPageTest" name="home" time="131.736"/>
  <system-out/>
</testsuite> <!-- test.acPageTest -->
