<?xml version="1.0" encoding="UTF-8"?>
<!-- Generated by org.testng.reporters.JUnitReportReporter -->
<testsuite hostname="Lenovo" failures="0" tests="1" name="base.baseClass" time="25.894" errors="0" timestamp="2020-12-13T20:32:22 IST" skipped="0">
  <testcase classname="base.baseClass" name="initializer" time="25.894"/>
  <system-out/>
</testsuite> <!-- base.baseClass -->
